./source/assemble seed epsilon0 kappa0 kappaPhi0 theta0 theta1 LnK muCd ks0 dmu dummydg mudrug gdrug kd0 dg12 dg01 dg20 dg33 dg00 dgother
./source/assemble 123 4200.000 40.000 800.000 0.240 0.480 -9.800 -10.800 0.002000 -4.500 0.100 0.000 0.000 0.000000 0.300 0.100 -0.100 0.000 -0.600 -0.950
half_edge 0 -> 0 : -3.920 kT 
half_edge 0 -> 1 : -10.780 kT 
half_edge 0 -> 2 : -0.490 kT 
half_edge 0 -> 3 : -3.920 kT 
half_edge 1 -> 0 : -0.490 kT 
half_edge 1 -> 1 : -0.490 kT 
half_edge 1 -> 2 : -12.740 kT 
half_edge 1 -> 3 : -0.490 kT 
half_edge 2 -> 0 : -8.820 kT 
half_edge 2 -> 1 : -0.490 kT 
half_edge 2 -> 2 : -0.490 kT 
half_edge 2 -> 3 : -8.820 kT 
half_edge 3 -> 0 : -3.920 kT 
half_edge 3 -> 1 : -10.780 kT 
half_edge 3 -> 2 : -0.490 kT 
half_edge 3 -> 3 : -9.800 kT 
theta_thermal_kappa 0.22361
l_thermal_kappa 0.19365
l_thermal_epsilon 0.02182
gaussian sigma 0.09682
./source/assemble seed epsilon0 kappa0 kappaPhi0 theta0 theta1 LnK muCd ks0 dmu dummydg mudrug gdrug kd0 dg12 dg01 dg20 dg33 dg00 dgother
./source/assemble 123 4200.000 40.000 800.000 0.240 0.480 -9.800 -10.800 0.002000 -4.500 0.100 0.000 0.000 0.000000 0.300 0.100 -0.100 0.000 -0.600 -0.950
half_edge 0 -> 0 : -3.920 kT 
half_edge 0 -> 1 : -10.780 kT 
half_edge 0 -> 2 : -0.490 kT 
half_edge 0 -> 3 : -3.920 kT 
half_edge 1 -> 0 : -0.490 kT 
half_edge 1 -> 1 : -0.490 kT 
half_edge 1 -> 2 : -12.740 kT 
half_edge 1 -> 3 : -0.490 kT 
half_edge 2 -> 0 : -8.820 kT 
half_edge 2 -> 1 : -0.490 kT 
half_edge 2 -> 2 : -0.490 kT 
half_edge 2 -> 3 : -8.820 kT 
half_edge 3 -> 0 : -3.920 kT 
half_edge 3 -> 1 : -10.780 kT 
half_edge 3 -> 2 : -0.490 kT 
half_edge 3 -> 3 : -9.800 kT 
theta_thermal_kappa 0.22361
l_thermal_kappa 0.19365
l_thermal_epsilon 0.02182
gaussian sigma 0.09682
./source/assemble seed epsilon0 kappa0 kappaPhi0 theta0 theta1 LnK muCd ks0 dmu dummydg mudrug gdrug kd0 dg12 dg01 dg20 dg33 dg00 dgother
./source/assemble 123 4200.000 40.000 800.000 0.240 0.480 -9.800 -10.800 0.002000 -4.500 0.100 0.000 0.000 0.000000 0.300 0.100 -0.100 0.000 -0.600 -0.950
half_edge 0 -> 0 : -3.920 kT 
half_edge 0 -> 1 : -10.780 kT 
half_edge 0 -> 2 : -0.490 kT 
half_edge 0 -> 3 : -3.920 kT 
half_edge 1 -> 0 : -0.490 kT 
half_edge 1 -> 1 : -0.490 kT 
half_edge 1 -> 2 : -12.740 kT 
half_edge 1 -> 3 : -0.490 kT 
half_edge 2 -> 0 : -8.820 kT 
half_edge 2 -> 1 : -0.490 kT 
half_edge 2 -> 2 : -0.490 kT 
half_edge 2 -> 3 : -8.820 kT 
half_edge 3 -> 0 : -3.920 kT 
half_edge 3 -> 1 : -10.780 kT 
half_edge 3 -> 2 : -0.490 kT 
half_edge 3 -> 3 : -9.800 kT 
theta_thermal_kappa 0.22361
l_thermal_kappa 0.19365
l_thermal_epsilon 0.02182
gaussian sigma 0.09682
./source/assemble seed epsilon0 kappa0 kappaPhi0 theta0 theta1 LnK muCd ks0 dmu dummydg mudrug gdrug kd0 dg12 dg01 dg20 dg33 dg00 dgother
./source/assemble 10486856 4200.000 40.000 800.000 0.240 0.480 -9.810 -11.500 0.002000 -4.500 0.100 -10.000 -15.000 0.000000 0.300 0.100 -0.100 0.000 -0.600 -0.950
half_edge 0 -> 0 : -3.924 kT 
half_edge 0 -> 1 : -10.791 kT 
half_edge 0 -> 2 : -0.491 kT 
half_edge 0 -> 3 : -3.924 kT 
half_edge 1 -> 0 : -0.491 kT 
half_edge 1 -> 1 : -0.491 kT 
half_edge 1 -> 2 : -12.753 kT 
half_edge 1 -> 3 : -0.491 kT 
half_edge 2 -> 0 : -8.829 kT 
half_edge 2 -> 1 : -0.491 kT 
half_edge 2 -> 2 : -0.491 kT 
half_edge 2 -> 3 : -8.829 kT 
half_edge 3 -> 0 : -3.924 kT 
half_edge 3 -> 1 : -10.791 kT 
half_edge 3 -> 2 : -0.491 kT 
half_edge 3 -> 3 : -9.810 kT 
half_edge 0 -> 0 : -15.000 kT 
half_edge 0 -> 3 : -15.000 kT 
half_edge 3 -> 0 : -15.000 kT 
half_edge 3 -> 3 : -15.000 kT 
theta_thermal_kappa 0.22361
l_thermal_kappa 0.19365
l_thermal_epsilon 0.02182
gaussian sigma 0.09682
./source/assemble seed epsilon0 kappa0 kappaPhi0 theta0 theta1 LnK muCd ks0 dmu dummydg mudrug gdrug kd0 dg12 dg01 dg20 dg33 dg00 dgother
./source/assemble 10486856 4200.000 40.000 800.000 0.240 0.480 -9.810 -11.500 0.002000 -4.500 0.100 -1.000 -21.000 0.000000 0.300 0.100 -0.100 0.000 -0.600 -0.950
half_edge 0 -> 0 : -3.924 kT 
half_edge 0 -> 1 : -10.791 kT 
half_edge 0 -> 2 : -0.491 kT 
half_edge 0 -> 3 : -3.924 kT 
half_edge 1 -> 0 : -0.491 kT 
half_edge 1 -> 1 : -0.491 kT 
half_edge 1 -> 2 : -12.753 kT 
half_edge 1 -> 3 : -0.491 kT 
half_edge 2 -> 0 : -8.829 kT 
half_edge 2 -> 1 : -0.491 kT 
half_edge 2 -> 2 : -0.491 kT 
half_edge 2 -> 3 : -8.829 kT 
half_edge 3 -> 0 : -3.924 kT 
half_edge 3 -> 1 : -10.791 kT 
half_edge 3 -> 2 : -0.491 kT 
half_edge 3 -> 3 : -9.810 kT 
half_edge 0 -> 0 : -21.000 kT 
half_edge 0 -> 3 : -21.000 kT 
half_edge 3 -> 0 : -21.000 kT 
half_edge 3 -> 3 : -21.000 kT 
theta_thermal_kappa 0.22361
l_thermal_kappa 0.19365
l_thermal_epsilon 0.02182
gaussian sigma 0.09682
./source/assemble seed epsilon0 kappa0 kappaPhi0 theta0 theta1 LnK muCd ks0 dmu dummydg mudrug gdrug kd0 dg12 dg01 dg20 dg33 dg00 dgother
./source/assemble 10486856 4200.000 40.000 800.000 0.240 0.480 -9.760 -11.500 0.002000 -3.500 0.100 -1.000 -17.000 0.000000 0.300 0.100 -0.100 0.000 -0.600 -0.950
half_edge 0 -> 0 : -3.904 kT 
half_edge 0 -> 1 : -10.736 kT 
half_edge 0 -> 2 : -0.488 kT 
half_edge 0 -> 3 : -3.904 kT 
half_edge 1 -> 0 : -0.488 kT 
half_edge 1 -> 1 : -0.488 kT 
half_edge 1 -> 2 : -12.688 kT 
half_edge 1 -> 3 : -0.488 kT 
half_edge 2 -> 0 : -8.784 kT 
half_edge 2 -> 1 : -0.488 kT 
half_edge 2 -> 2 : -0.488 kT 
half_edge 2 -> 3 : -8.784 kT 
half_edge 3 -> 0 : -3.904 kT 
half_edge 3 -> 1 : -10.736 kT 
half_edge 3 -> 2 : -0.488 kT 
half_edge 3 -> 3 : -9.760 kT 
half_edge 0 -> 0 : -17.000 kT 
half_edge 0 -> 3 : -17.000 kT 
half_edge 3 -> 0 : -17.000 kT 
half_edge 3 -> 3 : -17.000 kT 
theta_thermal_kappa 0.22361
l_thermal_kappa 0.19365
l_thermal_epsilon 0.02182
gaussian sigma 0.09682
./source/assemble seed epsilon0 kappa0 kappaPhi0 theta0 theta1 LnK muCd ks0 dmu dummydg mudrug gdrug kd0 dg12 dg01 dg20 dg33 dg00 dgother
./source/assemble 10486856 4200.000 40.000 800.000 0.240 0.480 -9.760 -11.500 0.002000 -3.500 0.100 -1.000 -13.000 0.000000 0.300 0.100 -0.100 0.000 -0.600 -0.950
half_edge 0 -> 0 : -3.904 kT 
half_edge 0 -> 1 : -10.736 kT 
half_edge 0 -> 2 : -0.488 kT 
half_edge 0 -> 3 : -3.904 kT 
half_edge 1 -> 0 : -0.488 kT 
half_edge 1 -> 1 : -0.488 kT 
half_edge 1 -> 2 : -12.688 kT 
half_edge 1 -> 3 : -0.488 kT 
half_edge 2 -> 0 : -8.784 kT 
half_edge 2 -> 1 : -0.488 kT 
half_edge 2 -> 2 : -0.488 kT 
half_edge 2 -> 3 : -8.784 kT 
half_edge 3 -> 0 : -3.904 kT 
half_edge 3 -> 1 : -10.736 kT 
half_edge 3 -> 2 : -0.488 kT 
half_edge 3 -> 3 : -9.760 kT 
half_edge 0 -> 0 : -13.000 kT 
half_edge 0 -> 3 : -13.000 kT 
half_edge 3 -> 0 : -13.000 kT 
half_edge 3 -> 3 : -13.000 kT 
theta_thermal_kappa 0.22361
l_thermal_kappa 0.19365
l_thermal_epsilon 0.02182
gaussian sigma 0.09682
