./source/assemble seed epsilon0 kappa0 kappaPhi0 theta0 theta1 LnK muCd ks0 dmu dummydg mudrug gdrug kd0 dg12 dg01 dg20 dg33 dg00 dgother
./source/assemble 0 10468414.000 4200.000 40.000 800.000 0.240 0.480 -9.850 -11.500000 0.002 -5.000 0.000 -0.000 0.000600 0.300 0.100 -0.100 0.000 -0.600 -0.950
half_edge 0 -> 0 : 0.192 kT 
half_edge 0 -> 1 : 0.528 kT 
half_edge 0 -> 2 : 0.024 kT 
half_edge 0 -> 3 : 0.192 kT 
half_edge 1 -> 0 : 0.024 kT 
half_edge 1 -> 1 : 0.024 kT 
half_edge 1 -> 2 : 0.624 kT 
half_edge 1 -> 3 : 0.024 kT 
half_edge 2 -> 0 : 0.432 kT 
half_edge 2 -> 1 : 0.024 kT 
half_edge 2 -> 2 : 0.024 kT 
half_edge 2 -> 3 : 0.432 kT 
half_edge 3 -> 0 : 0.192 kT 
half_edge 3 -> 1 : 0.528 kT 
half_edge 3 -> 2 : 0.024 kT 
half_edge 3 -> 3 : 0.480 kT 
theta_thermal_kappa 0.02182
l_thermal_kappa 0.01890
l_thermal_epsilon 0.00044
gaussian sigma 0.00945
./source/assemble seed epsilon0 kappa0 kappaPhi0 theta0 theta1 LnK muCd ks0 dmu dummydg mudrug gdrug kd0 dg12 dg01 dg20 dg33 dg00 dgother
./source/assemble 10468414 4200.000 40.000 800.000 0.240 0.480 -9.850 -11.500 0.002000 -5.000 0.100 0.000 -12.000 0.000600 0.300 0.100 -0.100 0.000 -0.600 -0.950
half_edge 0 -> 0 : -3.940 kT 
half_edge 0 -> 1 : -10.835 kT 
half_edge 0 -> 2 : -0.493 kT 
half_edge 0 -> 3 : -3.940 kT 
half_edge 1 -> 0 : -0.493 kT 
half_edge 1 -> 1 : -0.493 kT 
half_edge 1 -> 2 : -12.805 kT 
half_edge 1 -> 3 : -0.493 kT 
half_edge 2 -> 0 : -8.865 kT 
half_edge 2 -> 1 : -0.493 kT 
half_edge 2 -> 2 : -0.493 kT 
half_edge 2 -> 3 : -8.865 kT 
half_edge 3 -> 0 : -3.940 kT 
half_edge 3 -> 1 : -10.835 kT 
half_edge 3 -> 2 : -0.493 kT 
half_edge 3 -> 3 : -9.850 kT 
half_edge 0 -> 0 : -12.000 kT 
half_edge 0 -> 3 : -12.000 kT 
half_edge 3 -> 0 : -12.000 kT 
half_edge 3 -> 3 : -12.000 kT 
theta_thermal_kappa 0.22361
l_thermal_kappa 0.19365
l_thermal_epsilon 0.02182
gaussian sigma 0.09682
./source/assemble seed epsilon0 kappa0 kappaPhi0 theta0 theta1 LnK muCd ks0 dmu dummydg mudrug gdrug kd0 dg12 dg01 dg20 dg33 dg00 dgother
./source/assemble 10468414 4200.000 40.000 800.000 0.240 0.480 -9.850 -11.500 0.002000 -5.000 0.100 0.000 -12.000 0.000600 0.300 0.100 -0.100 0.000 -0.600 -0.950
half_edge 0 -> 0 : -3.940 kT 
half_edge 0 -> 1 : -10.835 kT 
half_edge 0 -> 2 : -0.493 kT 
half_edge 0 -> 3 : -3.940 kT 
half_edge 1 -> 0 : -0.493 kT 
half_edge 1 -> 1 : -0.493 kT 
half_edge 1 -> 2 : -12.805 kT 
half_edge 1 -> 3 : -0.493 kT 
half_edge 2 -> 0 : -8.865 kT 
half_edge 2 -> 1 : -0.493 kT 
half_edge 2 -> 2 : -0.493 kT 
half_edge 2 -> 3 : -8.865 kT 
half_edge 3 -> 0 : -3.940 kT 
half_edge 3 -> 1 : -10.835 kT 
half_edge 3 -> 2 : -0.493 kT 
half_edge 3 -> 3 : -9.850 kT 
half_edge 0 -> 0 : -12.000 kT 
half_edge 0 -> 3 : -12.000 kT 
half_edge 3 -> 0 : -12.000 kT 
half_edge 3 -> 3 : -12.000 kT 
theta_thermal_kappa 0.22361
l_thermal_kappa 0.19365
l_thermal_epsilon 0.02182
gaussian sigma 0.09682
./source/assemble seed epsilon0 kappa0 kappaPhi0 theta0 theta1 LnK muCd ks0 dmu dummydg mudrug gdrug kd0 dg12 dg01 dg20 dg33 dg00 dgother
./source/assemble 10468414 4200.000 40.000 800.000 0.240 0.480 -9.850 -11.500 0.002000 -5.000 0.100 0.000 -12.000 0.000600 0.300 0.100 -0.100 0.000 -0.600 -0.950
half_edge 0 -> 0 : -3.940 kT 
half_edge 0 -> 1 : -10.835 kT 
half_edge 0 -> 2 : -0.493 kT 
half_edge 0 -> 3 : -3.940 kT 
half_edge 1 -> 0 : -0.493 kT 
half_edge 1 -> 1 : -0.493 kT 
half_edge 1 -> 2 : -12.805 kT 
half_edge 1 -> 3 : -0.493 kT 
half_edge 2 -> 0 : -8.865 kT 
half_edge 2 -> 1 : -0.493 kT 
half_edge 2 -> 2 : -0.493 kT 
half_edge 2 -> 3 : -8.865 kT 
half_edge 3 -> 0 : -3.940 kT 
half_edge 3 -> 1 : -10.835 kT 
half_edge 3 -> 2 : -0.493 kT 
half_edge 3 -> 3 : -9.850 kT 
half_edge 0 -> 0 : -12.000 kT 
half_edge 0 -> 3 : -12.000 kT 
half_edge 3 -> 0 : -12.000 kT 
half_edge 3 -> 3 : -12.000 kT 
theta_thermal_kappa 0.22361
l_thermal_kappa 0.19365
l_thermal_epsilon 0.02182
gaussian sigma 0.09682
./source/assemble seed epsilon0 kappa0 kappaPhi0 theta0 theta1 LnK muCd ks0 dmu dummydg mudrug gdrug kd0 dg12 dg01 dg20 dg33 dg00 dgother
./source/assemble 10468414 4200.000 40.000 800.000 0.240 0.480 -9.850 -11.500 0.002000 -5.000 0.100 0.000 -12.000 0.000600 0.300 0.100 -0.100 0.000 -0.600 -0.950
half_edge 0 -> 0 : -3.940 kT 
half_edge 0 -> 1 : -10.835 kT 
half_edge 0 -> 2 : -0.493 kT 
half_edge 0 -> 3 : -3.940 kT 
half_edge 1 -> 0 : -0.493 kT 
half_edge 1 -> 1 : -0.493 kT 
half_edge 1 -> 2 : -12.805 kT 
half_edge 1 -> 3 : -0.493 kT 
half_edge 2 -> 0 : -8.865 kT 
half_edge 2 -> 1 : -0.493 kT 
half_edge 2 -> 2 : -0.493 kT 
half_edge 2 -> 3 : -8.865 kT 
half_edge 3 -> 0 : -3.940 kT 
half_edge 3 -> 1 : -10.835 kT 
half_edge 3 -> 2 : -0.493 kT 
half_edge 3 -> 3 : -9.850 kT 
half_edge 0 -> 0 : -12.000 kT 
half_edge 0 -> 3 : -12.000 kT 
half_edge 3 -> 0 : -12.000 kT 
half_edge 3 -> 3 : -12.000 kT 
theta_thermal_kappa 0.22361
l_thermal_kappa 0.19365
l_thermal_epsilon 0.02182
gaussian sigma 0.09682
./source/assemble seed epsilon0 kappa0 kappaPhi0 theta0 theta1 LnK muCd ks0 dmu dummydg mudrug gdrug kd0 dg12 dg01 dg20 dg33 dg00 dgother
./source/assemble 10468414 4200.000 40.000 800.000 0.240 0.480 -9.850 -11.500 0.002000 -5.000 0.100 0.000 -12.000 0.000600 0.300 0.100 -0.100 0.000 -0.600 -0.950
half_edge 0 -> 0 : -3.940 kT 
half_edge 0 -> 1 : -10.835 kT 
half_edge 0 -> 2 : -0.493 kT 
half_edge 0 -> 3 : -3.940 kT 
half_edge 1 -> 0 : -0.493 kT 
half_edge 1 -> 1 : -0.493 kT 
half_edge 1 -> 2 : -12.805 kT 
half_edge 1 -> 3 : -0.493 kT 
half_edge 2 -> 0 : -8.865 kT 
half_edge 2 -> 1 : -0.493 kT 
half_edge 2 -> 2 : -0.493 kT 
half_edge 2 -> 3 : -8.865 kT 
half_edge 3 -> 0 : -3.940 kT 
half_edge 3 -> 1 : -10.835 kT 
half_edge 3 -> 2 : -0.493 kT 
half_edge 3 -> 3 : -9.850 kT 
half_edge 0 -> 0 : -12.000 kT 
half_edge 0 -> 3 : -12.000 kT 
half_edge 3 -> 0 : -12.000 kT 
half_edge 3 -> 3 : -12.000 kT 
theta_thermal_kappa 0.22361
l_thermal_kappa 0.19365
l_thermal_epsilon 0.02182
gaussian sigma 0.09682
./source/assemble seed epsilon0 kappa0 kappaPhi0 theta0 theta1 LnK muCd ks0 dmu dummydg mudrug gdrug kd0 dg12 dg01 dg20 dg33 dg00 dgother
./source/assemble 10468414 4200.000 40.000 800.000 0.240 0.480 -9.850 -11.500 0.002000 -5.000 0.100 0.000 -12.000 0.000600 0.300 0.100 -0.100 0.000 -0.600 -0.950
half_edge 0 -> 0 : -3.940 kT 
half_edge 0 -> 1 : -10.835 kT 
half_edge 0 -> 2 : -0.493 kT 
half_edge 0 -> 3 : -3.940 kT 
half_edge 1 -> 0 : -0.493 kT 
half_edge 1 -> 1 : -0.493 kT 
half_edge 1 -> 2 : -12.805 kT 
half_edge 1 -> 3 : -0.493 kT 
half_edge 2 -> 0 : -8.865 kT 
half_edge 2 -> 1 : -0.493 kT 
half_edge 2 -> 2 : -0.493 kT 
half_edge 2 -> 3 : -8.865 kT 
half_edge 3 -> 0 : -3.940 kT 
half_edge 3 -> 1 : -10.835 kT 
half_edge 3 -> 2 : -0.493 kT 
half_edge 3 -> 3 : -9.850 kT 
half_edge 0 -> 0 : -12.000 kT 
half_edge 0 -> 3 : -12.000 kT 
half_edge 3 -> 0 : -12.000 kT 
half_edge 3 -> 3 : -12.000 kT 
theta_thermal_kappa 0.22361
l_thermal_kappa 0.19365
l_thermal_epsilon 0.02182
gaussian sigma 0.09682
./source/assemble seed epsilon0 kappa0 kappaPhi0 theta0 theta1 LnK muCd ks0 dmu dummydg mudrug gdrug kd0 dg12 dg01 dg20 dg33 dg00 dgother
./source/assemble 10468414 4200.000 40.000 800.000 0.240 0.480 -9.850 -11.500 0.002000 -5.000 0.100 0.000 -12.000 0.000600 0.300 0.100 -0.100 0.000 -0.600 -0.950
half_edge 0 -> 0 : -3.940 kT 
half_edge 0 -> 1 : -10.835 kT 
half_edge 0 -> 2 : -0.493 kT 
half_edge 0 -> 3 : -3.940 kT 
half_edge 1 -> 0 : -0.493 kT 
half_edge 1 -> 1 : -0.493 kT 
half_edge 1 -> 2 : -12.805 kT 
half_edge 1 -> 3 : -0.493 kT 
half_edge 2 -> 0 : -8.865 kT 
half_edge 2 -> 1 : -0.493 kT 
half_edge 2 -> 2 : -0.493 kT 
half_edge 2 -> 3 : -8.865 kT 
half_edge 3 -> 0 : -3.940 kT 
half_edge 3 -> 1 : -10.835 kT 
half_edge 3 -> 2 : -0.493 kT 
half_edge 3 -> 3 : -9.850 kT 
half_edge 0 -> 0 : -12.000 kT 
half_edge 0 -> 3 : -12.000 kT 
half_edge 3 -> 0 : -12.000 kT 
half_edge 3 -> 3 : -12.000 kT 
theta_thermal_kappa 0.22361
l_thermal_kappa 0.19365
l_thermal_epsilon 0.02182
gaussian sigma 0.09682
./source/assemble seed epsilon0 kappa0 kappaPhi0 theta0 theta1 LnK muCd ks0 dmu dummydg mudrug gdrug kd0 dg12 dg01 dg20 dg33 dg00 dgother
./source/assemble 10468414 4200.000 40.000 800.000 0.240 0.480 -9.850 -11.500 0.002000 -5.000 0.100 0.000 -12.000 0.000600 0.300 0.100 -0.100 0.000 -0.600 -0.950
half_edge 0 -> 0 : -3.940 kT 
half_edge 0 -> 1 : -10.835 kT 
half_edge 0 -> 2 : -0.493 kT 
half_edge 0 -> 3 : -3.940 kT 
half_edge 1 -> 0 : -0.493 kT 
half_edge 1 -> 1 : -0.493 kT 
half_edge 1 -> 2 : -12.805 kT 
half_edge 1 -> 3 : -0.493 kT 
half_edge 2 -> 0 : -8.865 kT 
half_edge 2 -> 1 : -0.493 kT 
half_edge 2 -> 2 : -0.493 kT 
half_edge 2 -> 3 : -8.865 kT 
half_edge 3 -> 0 : -3.940 kT 
half_edge 3 -> 1 : -10.835 kT 
half_edge 3 -> 2 : -0.493 kT 
half_edge 3 -> 3 : -9.850 kT 
half_edge 0 -> 0 : -12.000 kT 
half_edge 0 -> 3 : -12.000 kT 
half_edge 3 -> 0 : -12.000 kT 
half_edge 3 -> 3 : -12.000 kT 
theta_thermal_kappa 0.22361
l_thermal_kappa 0.19365
l_thermal_epsilon 0.02182
gaussian sigma 0.09682
./source/assemble seed epsilon0 kappa0 kappaPhi0 theta0 theta1 LnK muCd ks0 dmu dummydg mudrug gdrug kd0 dg12 dg01 dg20 dg33 dg00 dgother
./source/assemble 10468414 4200.000 40.000 800.000 0.240 0.480 -9.850 -11.500 0.002000 -5.000 0.100 0.000 -12.000 0.000600 0.300 0.100 -0.100 0.000 -0.600 -0.950
half_edge 0 -> 0 : -3.940 kT 
half_edge 0 -> 1 : -10.835 kT 
half_edge 0 -> 2 : -0.493 kT 
half_edge 0 -> 3 : -3.940 kT 
half_edge 1 -> 0 : -0.493 kT 
half_edge 1 -> 1 : -0.493 kT 
half_edge 1 -> 2 : -12.805 kT 
half_edge 1 -> 3 : -0.493 kT 
half_edge 2 -> 0 : -8.865 kT 
half_edge 2 -> 1 : -0.493 kT 
half_edge 2 -> 2 : -0.493 kT 
half_edge 2 -> 3 : -8.865 kT 
half_edge 3 -> 0 : -3.940 kT 
half_edge 3 -> 1 : -10.835 kT 
half_edge 3 -> 2 : -0.493 kT 
half_edge 3 -> 3 : -9.850 kT 
half_edge 0 -> 0 : -12.000 kT 
half_edge 0 -> 3 : -12.000 kT 
half_edge 3 -> 0 : -12.000 kT 
half_edge 3 -> 3 : -12.000 kT 
theta_thermal_kappa 0.22361
l_thermal_kappa 0.19365
l_thermal_epsilon 0.02182
gaussian sigma 0.09682
./source/assemble seed epsilon0 kappa0 kappaPhi0 theta0 theta1 LnK muCd ks0 dmu dummydg mudrug gdrug kd0 dg12 dg01 dg20 dg33 dg00 dgother
./source/assemble 10468414 4200.000 40.000 800.000 0.240 0.480 -9.850 -11.500 0.002000 -5.000 0.100 0.000 -12.000 0.000600 0.300 0.100 -0.100 0.000 -0.600 -0.950
half_edge 0 -> 0 : -3.940 kT 
half_edge 0 -> 1 : -10.835 kT 
half_edge 0 -> 2 : -0.493 kT 
half_edge 0 -> 3 : -3.940 kT 
half_edge 1 -> 0 : -0.493 kT 
half_edge 1 -> 1 : -0.493 kT 
half_edge 1 -> 2 : -12.805 kT 
half_edge 1 -> 3 : -0.493 kT 
half_edge 2 -> 0 : -8.865 kT 
half_edge 2 -> 1 : -0.493 kT 
half_edge 2 -> 2 : -0.493 kT 
half_edge 2 -> 3 : -8.865 kT 
half_edge 3 -> 0 : -3.940 kT 
half_edge 3 -> 1 : -10.835 kT 
half_edge 3 -> 2 : -0.493 kT 
half_edge 3 -> 3 : -9.850 kT 
half_edge 0 -> 0 : -12.000 kT 
half_edge 0 -> 3 : -12.000 kT 
half_edge 3 -> 0 : -12.000 kT 
half_edge 3 -> 3 : -12.000 kT 
theta_thermal_kappa 0.22361
l_thermal_kappa 0.19365
l_thermal_epsilon 0.02182
gaussian sigma 0.09682
./source/assemble seed epsilon0 kappa0 kappaPhi0 theta0 theta1 LnK muCd ks0 dmu dummydg mudrug gdrug kd0 dg12 dg01 dg20 dg33 dg00 dgother
./source/assemble 10468414 4200.000 40.000 800.000 0.240 0.480 -9.850 -11.500 0.002000 -5.000 0.100 0.000 -12.000 0.000600 0.300 0.100 -0.100 0.000 -0.600 -0.950
half_edge 0 -> 0 : -3.940 kT 
half_edge 0 -> 1 : -10.835 kT 
half_edge 0 -> 2 : -0.493 kT 
half_edge 0 -> 3 : -3.940 kT 
half_edge 1 -> 0 : -0.493 kT 
half_edge 1 -> 1 : -0.493 kT 
half_edge 1 -> 2 : -12.805 kT 
half_edge 1 -> 3 : -0.493 kT 
half_edge 2 -> 0 : -8.865 kT 
half_edge 2 -> 1 : -0.493 kT 
half_edge 2 -> 2 : -0.493 kT 
half_edge 2 -> 3 : -8.865 kT 
half_edge 3 -> 0 : -3.940 kT 
half_edge 3 -> 1 : -10.835 kT 
half_edge 3 -> 2 : -0.493 kT 
half_edge 3 -> 3 : -9.850 kT 
half_edge 0 -> 0 : -12.000 kT 
half_edge 0 -> 3 : -12.000 kT 
half_edge 3 -> 0 : -12.000 kT 
half_edge 3 -> 3 : -12.000 kT 
theta_thermal_kappa 0.22361
l_thermal_kappa 0.19365
l_thermal_epsilon 0.02182
gaussian sigma 0.09682
./source/assemble seed epsilon0 kappa0 kappaPhi0 theta0 theta1 LnK muCd ks0 dmu dummydg mudrug gdrug kd0 dg12 dg01 dg20 dg33 dg00 dgother
./source/assemble 10468414 4200.000 40.000 800.000 0.240 0.480 -9.850 -11.500 0.002000 -5.000 0.100 0.000 -12.000 0.000600 0.300 0.100 -0.100 0.000 -0.600 -0.950
half_edge 0 -> 0 : -3.940 kT 
half_edge 0 -> 1 : -10.835 kT 
half_edge 0 -> 2 : -0.493 kT 
half_edge 0 -> 3 : -3.940 kT 
half_edge 1 -> 0 : -0.493 kT 
half_edge 1 -> 1 : -0.493 kT 
half_edge 1 -> 2 : -12.805 kT 
half_edge 1 -> 3 : -0.493 kT 
half_edge 2 -> 0 : -8.865 kT 
half_edge 2 -> 1 : -0.493 kT 
half_edge 2 -> 2 : -0.493 kT 
half_edge 2 -> 3 : -8.865 kT 
half_edge 3 -> 0 : -3.940 kT 
half_edge 3 -> 1 : -10.835 kT 
half_edge 3 -> 2 : -0.493 kT 
half_edge 3 -> 3 : -9.850 kT 
half_edge 0 -> 0 : -12.000 kT 
half_edge 0 -> 3 : -12.000 kT 
half_edge 3 -> 0 : -12.000 kT 
half_edge 3 -> 3 : -12.000 kT 
theta_thermal_kappa 0.22361
l_thermal_kappa 0.19365
l_thermal_epsilon 0.02182
gaussian sigma 0.09682
./source/assemble seed epsilon0 kappa0 kappaPhi0 theta0 theta1 LnK muCd ks0 dmu dummydg mudrug gdrug kd0 dg12 dg01 dg20 dg33 dg00 dgother
./source/assemble 10468414 4200.000 40.000 800.000 0.240 0.480 -9.850 -11.500 0.002000 -5.000 0.100 0.000 -12.000 0.000600 0.300 0.100 -0.100 0.000 -0.600 -0.950
half_edge 0 -> 0 : -3.940 kT 
half_edge 0 -> 1 : -10.835 kT 
half_edge 0 -> 2 : -0.493 kT 
half_edge 0 -> 3 : -3.940 kT 
half_edge 1 -> 0 : -0.493 kT 
half_edge 1 -> 1 : -0.493 kT 
half_edge 1 -> 2 : -12.805 kT 
half_edge 1 -> 3 : -0.493 kT 
half_edge 2 -> 0 : -8.865 kT 
half_edge 2 -> 1 : -0.493 kT 
half_edge 2 -> 2 : -0.493 kT 
half_edge 2 -> 3 : -8.865 kT 
half_edge 3 -> 0 : -3.940 kT 
half_edge 3 -> 1 : -10.835 kT 
half_edge 3 -> 2 : -0.493 kT 
half_edge 3 -> 3 : -9.850 kT 
half_edge 0 -> 0 : -12.000 kT 
half_edge 0 -> 3 : -12.000 kT 
half_edge 3 -> 0 : -12.000 kT 
half_edge 3 -> 3 : -12.000 kT 
theta_thermal_kappa 0.22361
l_thermal_kappa 0.19365
l_thermal_epsilon 0.02182
gaussian sigma 0.09682
./source/assemble seed epsilon0 kappa0 kappaPhi0 theta0 theta1 LnK muCd ks0 dmu dummydg mudrug gdrug kd0 dg12 dg01 dg20 dg33 dg00 dgother
./source/assemble 10468414 4200.000 40.000 800.000 0.240 0.480 -9.850 -11.500 0.002000 -5.000 0.100 0.000 -12.000 0.000600 0.300 0.100 -0.100 0.000 -0.600 -0.950
half_edge 0 -> 0 : -3.940 kT 
half_edge 0 -> 1 : -10.835 kT 
half_edge 0 -> 2 : -0.493 kT 
half_edge 0 -> 3 : -3.940 kT 
half_edge 1 -> 0 : -0.493 kT 
half_edge 1 -> 1 : -0.493 kT 
half_edge 1 -> 2 : -12.805 kT 
half_edge 1 -> 3 : -0.493 kT 
half_edge 2 -> 0 : -8.865 kT 
half_edge 2 -> 1 : -0.493 kT 
half_edge 2 -> 2 : -0.493 kT 
half_edge 2 -> 3 : -8.865 kT 
half_edge 3 -> 0 : -3.940 kT 
half_edge 3 -> 1 : -10.835 kT 
half_edge 3 -> 2 : -0.493 kT 
half_edge 3 -> 3 : -9.850 kT 
half_edge 0 -> 0 : -12.000 kT 
half_edge 0 -> 3 : -12.000 kT 
half_edge 3 -> 0 : -12.000 kT 
half_edge 3 -> 3 : -12.000 kT 
theta_thermal_kappa 0.22361
l_thermal_kappa 0.19365
l_thermal_epsilon 0.02182
gaussian sigma 0.09682
./source/assemble seed epsilon0 kappa0 kappaPhi0 theta0 theta1 LnK muCd ks0 dmu dummydg mudrug gdrug kd0 dg12 dg01 dg20 dg33 dg00 dgother
./source/assemble 10468414 4200.000 40.000 800.000 0.240 0.480 -9.850 -11.500 0.002000 -5.000 0.100 0.000 -12.000 0.000600 0.300 0.100 -0.100 0.000 -0.600 -0.950
half_edge 0 -> 0 : -3.940 kT 
half_edge 0 -> 1 : -10.835 kT 
half_edge 0 -> 2 : -0.493 kT 
half_edge 0 -> 3 : -3.940 kT 
half_edge 1 -> 0 : -0.493 kT 
half_edge 1 -> 1 : -0.493 kT 
half_edge 1 -> 2 : -12.805 kT 
half_edge 1 -> 3 : -0.493 kT 
half_edge 2 -> 0 : -8.865 kT 
half_edge 2 -> 1 : -0.493 kT 
half_edge 2 -> 2 : -0.493 kT 
half_edge 2 -> 3 : -8.865 kT 
half_edge 3 -> 0 : -3.940 kT 
half_edge 3 -> 1 : -10.835 kT 
half_edge 3 -> 2 : -0.493 kT 
half_edge 3 -> 3 : -9.850 kT 
half_edge 0 -> 0 : -12.000 kT 
half_edge 0 -> 3 : -12.000 kT 
half_edge 3 -> 0 : -12.000 kT 
half_edge 3 -> 3 : -12.000 kT 
theta_thermal_kappa 0.22361
l_thermal_kappa 0.19365
l_thermal_epsilon 0.02182
gaussian sigma 0.09682
./source/assemble seed epsilon0 kappa0 kappaPhi0 theta0 theta1 LnK muCd ks0 dmu dummydg mudrug gdrug kd0 dg12 dg01 dg20 dg33 dg00 dgother
./source/assemble 10468414 4200.000 40.000 800.000 0.240 0.480 -9.850 -11.500 0.002000 -5.500 0.100 0.000 -12.000 0.000600 0.300 0.100 -0.100 0.000 -0.600 -0.950
half_edge 0 -> 0 : -3.940 kT 
half_edge 0 -> 1 : -10.835 kT 
half_edge 0 -> 2 : -0.493 kT 
half_edge 0 -> 3 : -3.940 kT 
half_edge 1 -> 0 : -0.493 kT 
half_edge 1 -> 1 : -0.493 kT 
half_edge 1 -> 2 : -12.805 kT 
half_edge 1 -> 3 : -0.493 kT 
half_edge 2 -> 0 : -8.865 kT 
half_edge 2 -> 1 : -0.493 kT 
half_edge 2 -> 2 : -0.493 kT 
half_edge 2 -> 3 : -8.865 kT 
half_edge 3 -> 0 : -3.940 kT 
half_edge 3 -> 1 : -10.835 kT 
half_edge 3 -> 2 : -0.493 kT 
half_edge 3 -> 3 : -9.850 kT 
half_edge 0 -> 0 : -12.000 kT 
half_edge 0 -> 3 : -12.000 kT 
half_edge 3 -> 0 : -12.000 kT 
half_edge 3 -> 3 : -12.000 kT 
theta_thermal_kappa 0.22361
l_thermal_kappa 0.19365
l_thermal_epsilon 0.02182
gaussian sigma 0.09682
